TN:
SF:script/DeployMyMarket.s.sol
DA:8,0
FN:8,DeployMyMarket.run
FNDA:0,DeployMyMarket.run
DA:9,0
DA:11,0
DA:12,0
DA:13,0
FNF:1
FNH:0
LF:5
LH:0
BRF:0
BRH:0
end_of_record
TN:
SF:script/DeployMyMarketAndLog.s.sol
DA:9,0
FN:9,DeployMyMarketAndLog.run
FNDA:0,DeployMyMarketAndLog.run
DA:10,0
DA:11,0
DA:13,0
DA:14,0
DA:15,0
DA:17,0
DA:18,0
BRDA:18,0,0,-
DA:19,0
FNF:1
FNH:0
LF:9
LH:0
BRF:1
BRH:0
end_of_record
TN:
SF:src/MyMarket.sol
DA:50,24
FN:50,MyMarket.constructor
FNDA:24,MyMarket.constructor
DA:51,24
BRDA:51,0,0,1
BRDA:51,0,1,23
DA:52,23
DA:56,9
FN:56,MyMarket.onlySeller
FNDA:9,MyMarket.onlySeller
DA:57,9
BRDA:57,1,0,1
BRDA:57,1,1,8
DA:61,4
FN:61,MyMarket.onlyBuyer
FNDA:4,MyMarket.onlyBuyer
DA:62,4
BRDA:62,2,0,1
BRDA:62,2,1,3
DA:69,1
FN:69,MyMarket.createOrder
FNDA:1,MyMarket.createOrder
DA:70,1
DA:72,1
DA:75,15
FN:75,MyMarket.createOrderEth
FNDA:15,MyMarket.createOrderEth
DA:76,15
DA:77,15
DA:80,7
FN:80,MyMarket.createOrderToken
FNDA:7,MyMarket.createOrderToken
DA:81,7
DA:82,7
DA:85,23
FN:85,MyMarket._createOrder
FNDA:23,MyMarket._createOrder
DA:86,23
DA:94,23
DA:97,6
FN:97,MyMarket.depositToken
FNDA:6,MyMarket.depositToken
DA:99,6
DA:101,6
BRDA:101,3,0,-
BRDA:101,3,1,6
DA:102,6
BRDA:102,4,0,1
BRDA:102,4,1,5
DA:103,5
BRDA:103,5,0,1
BRDA:103,5,1,4
DA:105,4
DA:106,3
BRDA:106,6,0,-
BRDA:106,6,1,3
DA:107,3
DA:108,3
DA:109,3
DA:112,15
FN:112,MyMarket.depositEth
FNDA:15,MyMarket.depositEth
DA:113,15
DA:115,15
BRDA:115,7,0,1
BRDA:115,7,1,14
DA:116,14
BRDA:116,8,0,1
BRDA:116,8,1,13
DA:117,13
BRDA:117,9,0,1
BRDA:117,9,1,12
DA:119,12
DA:120,12
DA:121,12
DA:124,9
FN:124,MyMarket.markShipped
FNDA:9,MyMarket.markShipped
DA:125,8
DA:126,8
BRDA:126,10,0,-
BRDA:126,10,1,8
DA:128,8
DA:129,8
DA:130,8
DA:134,4
FN:134,MyMarket.confirmDelivery
FNDA:4,MyMarket.confirmDelivery
DA:135,3
DA:136,3
BRDA:136,11,0,1
BRDA:136,11,1,2
DA:138,2
DA:139,2
BRDA:139,12,0,1
BRDA:139,12,1,1
DA:140,1
DA:141,1
BRDA:141,13,0,-
BRDA:141,13,1,1
DA:143,1
DA:144,1
BRDA:144,14,0,-
BRDA:144,14,1,1
DA:146,2
DA:150,4
FN:150,MyMarket.claimAfterTimeout
FNDA:4,MyMarket.claimAfterTimeout
DA:151,4
DA:152,4
BRDA:152,15,0,1
BRDA:152,15,1,3
DA:154,3
BRDA:154,16,0,1
BRDA:154,16,1,2
DA:157,2
DA:158,2
BRDA:158,17,0,1
BRDA:158,17,1,1
DA:159,1
DA:160,1
BRDA:160,18,0,-
BRDA:160,18,1,1
DA:162,1
DA:163,1
BRDA:163,19,0,-
BRDA:163,19,1,1
DA:165,2
DA:168,2
FN:168,MyMarket.refundBuyer
FNDA:2,MyMarket.refundBuyer
DA:169,2
DA:171,2
BRDA:171,20,0,-
BRDA:171,20,1,2
DA:172,2
BRDA:172,21,0,1
BRDA:172,21,1,1
DA:174,1
DA:176,1
BRDA:176,22,0,1
BRDA:176,22,1,-
DA:177,1
DA:178,1
BRDA:178,23,0,-
BRDA:178,23,1,1
DA:180,0
DA:181,0
BRDA:181,24,0,-
BRDA:181,24,1,-
FNF:13
FNH:13
LF:74
LH:72
BRF:50
BRH:38
end_of_record
TN:
SF:test/unit/mymarketTest.t.sol
DA:12,5
FN:12,MockERC20.mint
FNDA:5,MockERC20.mint
DA:13,5
DA:16,6
FN:16,MockERC20.approve
FNDA:6,MockERC20.approve
DA:17,6
DA:18,6
DA:21,2
FN:21,MockERC20.transfer
FNDA:2,MockERC20.transfer
DA:22,2
DA:23,2
DA:26,4
FN:26,MockERC20.transferFrom
FNDA:4,MockERC20.transferFrom
DA:27,4
DA:28,4
BRDA:28,0,0,-
BRDA:28,0,1,4
DA:29,4
DA:30,4
DA:31,3
DA:34,6
FN:34,MockERC20._transfer
FNDA:6,MockERC20._transfer
DA:35,6
BRDA:35,1,0,1
BRDA:35,1,1,5
DA:36,5
DA:37,5
FNF:5
FNH:5
LF:18
LH:18
BRF:4
BRH:3
end_of_record
